<?xml version="1.0" encoding="UTF-8"?>
<!-- Generated by org.testng.reporters.JUnitXMLReporter -->
<testsuite hostname="Iakov" name="Test1" tests="3" failures="0" timestamp="30 Aug 2014 22:33:50 GMT" time="18.776" errors="0">
  <testcase name="loginNegativeTest" time="0.004" classname="ru.telran.sel.LoginTests">
    <skipped/>
  </testcase> <!-- loginNegativeTest -->
  <testcase name="loginTest" time="8.234" classname="ru.telran.sel.LoginTests"/>
  <testcase name="loginTest" time="2.67" classname="ru.telran.sel.LoginTests"/>
</testsuite> <!-- Test1 -->
