<?xml version="1.0" encoding="UTF-8"?>
<!-- Generated by org.testng.reporters.JUnitXMLReporter -->
<testsuite hostname="Iakov" name="Test1" tests="4" failures="0" timestamp="31 Aug 2014 09:59:55 GMT" time="17.538" errors="0">
  <testcase name="loginNegTest" time="3.999" classname="ru.telran.sel.LoginTests"/>
  <testcase name="loginNegTest" time="1.817" classname="ru.telran.sel.LoginTests"/>
  <testcase name="loginNegTest" time="1.891" classname="ru.telran.sel.LoginTests"/>
  <testcase name="loginNegTest" time="1.761" classname="ru.telran.sel.LoginTests"/>
</testsuite> <!-- Test1 -->
