<?xml version="1.0" encoding="UTF-8"?>
<!-- Generated by org.testng.reporters.JUnitXMLReporter -->
<testsuite hostname="Iakov" name="Default test" tests="1" failures="0" timestamp="21 Sep 2014 12:33:08 GMT" time="0.224" errors="0">
  <testcase name="@BeforeClass init" time="0.0" classname="ru.telran.sel.RegistTests">
    <failure type="java.lang.ExceptionInInitializerError">
      <![CDATA[java.lang.ExceptionInInitializerError
	at com.opera.core.systems.OperaSettings$Capability$7.getDefaultValue(OperaSettings.java:257)
	at com.opera.core.systems.OperaSettings$Capability$7.getDefaultValue(OperaSettings.java:251)
	at com.opera.core.systems.OperaSettings$CapabilityInstance.<init>(OperaSettings.java:669)
	at com.opera.core.systems.OperaSettings.<init>(OperaSettings.java:706)
	at com.opera.core.systems.OperaDriver.<init>(OperaDriver.java:153)
	at ru.telran.sel.webdriver.WebDriverFactory.getInstance(WebDriverFactory.java:173)
	at ru.telran.sel.webdriver.WebDriverFactory.getInstance(WebDriverFactory.java:78)
	at ru.telran.sel.pages.TestBase.init(TestBase.java:58)
	at sun.reflect.NativeMethodAccessorImpl.invoke0(Native Method)
	at sun.reflect.NativeMethodAccessorImpl.invoke(NativeMethodAccessorImpl.java:57)
	at sun.reflect.DelegatingMethodAccessorImpl.invoke(DelegatingMethodAccessorImpl.java:43)
	at java.lang.reflect.Method.invoke(Method.java:606)
	at org.testng.internal.MethodInvocationHelper.invokeMethod(MethodInvocationHelper.java:84)
	at org.testng.internal.Invoker.invokeConfigurationMethod(Invoker.java:564)
	at org.testng.internal.Invoker.invokeConfigurations(Invoker.java:213)
	at org.testng.internal.Invoker.invokeConfigurations(Invoker.java:138)
	at org.testng.internal.TestMethodWorker.invokeBeforeClassMethods(TestMethodWorker.java:175)
	at org.testng.internal.TestMethodWorker.run(TestMethodWorker.java:107)
	at org.testng.TestRunner.privateRun(TestRunner.java:767)
	at org.testng.TestRunner.run(TestRunner.java:617)
	at org.testng.SuiteRunner.runTest(SuiteRunner.java:334)
	at org.testng.SuiteRunner.runSequentially(SuiteRunner.java:329)
	at org.testng.SuiteRunner.privateRun(SuiteRunner.java:291)
	at org.testng.SuiteRunner.run(SuiteRunner.java:240)
	at org.testng.SuiteRunnerWorker.runSuite(SuiteRunnerWorker.java:52)
	at org.testng.SuiteRunnerWorker.run(SuiteRunnerWorker.java:86)
	at org.testng.TestNG.runSuitesSequentially(TestNG.java:1224)
	at org.testng.TestNG.runSuitesLocally(TestNG.java:1149)
	at org.testng.TestNG.run(TestNG.java:1057)
	at org.testng.remote.RemoteTestNG.run(RemoteTestNG.java:111)
	at org.testng.remote.RemoteTestNG.initAndRun(RemoteTestNG.java:204)
	at org.testng.remote.RemoteTestNG.main(RemoteTestNG.java:175)
Caused by: org.openqa.selenium.WebDriverException: Could not find a platform that supports bundled launchers, please set it manually
Build info: version: '2.40.0', revision: '4c5c0568b004f67810ee41c459549aa4b09c651e', time: '2014-02-19 11:13:01'
System info: host: 'Iakov', ip: '192.168.43.111', os.name: 'Windows 8.1', os.arch: 'x86', os.version: '6.3', java.version: '1.7.0_65'
Driver info: driver.version: OperaDriver
	at com.opera.core.systems.runner.launcher.OperaLauncherRunner.launcherNameForOS(OperaLauncherRunner.java:539)
	at com.opera.core.systems.runner.launcher.OperaLauncherRunner.<clinit>(OperaLauncherRunner.java:76)
	... 32 more
]]>
    </failure>
  </testcase> <!-- @BeforeClass init -->
  <testcase name="testRegistr1" time="0.001" classname="ru.telran.sel.RegistTests">
    <skipped/>
  </testcase> <!-- testRegistr1 -->
</testsuite> <!-- Default test -->
