<?xml version="1.0" encoding="UTF-8"?>
<testng-results skipped="0" failed="0" total="4" passed="4">
  <reporter-output>
  </reporter-output>
  <suite name="Tests" duration-ms="17538" started-at="2014-08-31T09:59:38Z" finished-at="2014-08-31T09:59:55Z">
    <groups>
      <group name="negative">
        <method signature="LoginTests.loginNegTest(java.lang.String, java.lang.String)[pri:0, instance:ru.telran.sel.LoginTests@62043840]" name="loginNegTest" class="ru.telran.sel.LoginTests"/>
      </group> <!-- negative -->
    </groups>
    <test name="Test1" duration-ms="17538" started-at="2014-08-31T09:59:38Z" finished-at="2014-08-31T09:59:55Z">
      <class name="ru.telran.sel.LoginTests">
        <test-method status="PASS" signature="init()[pri:0, instance:ru.telran.sel.LoginTests@62043840]" name="init" is-config="true" duration-ms="8048" started-at="2014-08-31T12:59:38Z" finished-at="2014-08-31T12:59:46Z">
          <reporter-output>
          </reporter-output>
        </test-method> <!-- init -->
        <test-method status="PASS" signature="loginNegTest(java.lang.String, java.lang.String)[pri:0, instance:ru.telran.sel.LoginTests@62043840]" name="loginNegTest" duration-ms="3999" started-at="2014-08-31T12:59:46Z" data-provider="loadUserFromFile" finished-at="2014-08-31T12:59:50Z">
          <params>
            <param index="0">
              <value>
                <![CDATA[demo30]]>
              </value>
            </param>
            <param index="1">
              <value>
                <![CDATA[ ]]>
              </value>
            </param>
          </params>
          <reporter-output>
          </reporter-output>
        </test-method> <!-- loginNegTest -->
        <test-method status="PASS" signature="loginNegTest(java.lang.String, java.lang.String)[pri:0, instance:ru.telran.sel.LoginTests@62043840]" name="loginNegTest" duration-ms="1817" started-at="2014-08-31T12:59:50Z" data-provider="loadUserFromFile" finished-at="2014-08-31T12:59:52Z">
          <params>
            <param index="0">
              <value>
                <![CDATA[demo30]]>
              </value>
            </param>
            <param index="1">
              <value>
                <![CDATA[demo30]]>
              </value>
            </param>
          </params>
          <reporter-output>
          </reporter-output>
        </test-method> <!-- loginNegTest -->
        <test-method status="PASS" signature="loginNegTest(java.lang.String, java.lang.String)[pri:0, instance:ru.telran.sel.LoginTests@62043840]" name="loginNegTest" duration-ms="1891" started-at="2014-08-31T12:59:52Z" data-provider="loadUserFromFile" finished-at="2014-08-31T12:59:54Z">
          <params>
            <param index="0">
              <value>
                <![CDATA[username]]>
              </value>
            </param>
            <param index="1">
              <value>
                <![CDATA[password]]>
              </value>
            </param>
          </params>
          <reporter-output>
          </reporter-output>
        </test-method> <!-- loginNegTest -->
        <test-method status="PASS" signature="loginNegTest(java.lang.String, java.lang.String)[pri:0, instance:ru.telran.sel.LoginTests@62043840]" name="loginNegTest" duration-ms="1761" started-at="2014-08-31T12:59:54Z" data-provider="loadUserFromFile" finished-at="2014-08-31T12:59:55Z">
          <params>
            <param index="0">
              <value>
                <![CDATA[ ]]>
              </value>
            </param>
            <param index="1">
              <value>
                <![CDATA[ ]]>
              </value>
            </param>
          </params>
          <reporter-output>
          </reporter-output>
        </test-method> <!-- loginNegTest -->
        <test-method status="PASS" signature="tearDown()[pri:0, instance:ru.telran.sel.LoginTests@62043840]" name="tearDown" is-config="true" duration-ms="303" started-at="2014-08-31T12:59:55Z" finished-at="2014-08-31T12:59:56Z">
          <reporter-output>
          </reporter-output>
        </test-method> <!-- tearDown -->
      </class> <!-- ru.telran.sel.LoginTests -->
    </test> <!-- Test1 -->
  </suite> <!-- Tests -->
</testng-results>
