<?xml version="1.0" encoding="UTF-8"?>
<testng-results skipped="0" failed="0" total="1" passed="1">
  <reporter-output>
  </reporter-output>
  <suite name="Tests" duration-ms="15031" started-at="2014-09-21T12:49:43Z" finished-at="2014-09-21T12:49:58Z">
    <groups>
    </groups>
    <test name="Test1" duration-ms="15031" started-at="2014-09-21T12:49:43Z" finished-at="2014-09-21T12:49:58Z">
      <class name="ru.telran.sel.RegistTests">
        <test-method status="PASS" signature="init()[pri:0, instance:ru.telran.sel.RegistTests@246ae04d]" name="init" is-config="true" duration-ms="4789" started-at="2014-09-21T15:49:43Z" finished-at="2014-09-21T15:49:48Z">
          <reporter-output>
          </reporter-output>
        </test-method> <!-- init -->
        <test-method status="PASS" signature="testRegistr1()[pri:0, instance:ru.telran.sel.RegistTests@246ae04d]" name="testRegistr1" duration-ms="10228" started-at="2014-09-21T15:49:48Z" finished-at="2014-09-21T15:49:58Z">
          <reporter-output>
          </reporter-output>
        </test-method> <!-- testRegistr1 -->
        <test-method status="PASS" signature="tearDown()[pri:0, instance:ru.telran.sel.RegistTests@246ae04d]" name="tearDown" is-config="true" duration-ms="331" started-at="2014-09-21T15:49:58Z" finished-at="2014-09-21T15:49:58Z">
          <reporter-output>
          </reporter-output>
        </test-method> <!-- tearDown -->
      </class> <!-- ru.telran.sel.RegistTests -->
    </test> <!-- Test1 -->
  </suite> <!-- Tests -->
</testng-results>
