<?xml version="1.0" encoding="UTF-8"?>
<testng-results skipped="0" failed="0" total="4" passed="4">
  <reporter-output>
  </reporter-output>
  <suite name="Default suite" duration-ms="15887" started-at="2014-08-31T09:35:11Z" finished-at="2014-08-31T09:35:26Z">
    <groups>
      <group name="negative">
        <method signature="LoginTests.loginNegTest(java.lang.String, java.lang.String)[pri:0, instance:ru.telran.sel.LoginTests@16dd645]" name="loginNegTest" class="ru.telran.sel.LoginTests"/>
      </group> <!-- negative -->
    </groups>
    <test name="Default test" duration-ms="15887" started-at="2014-08-31T09:35:11Z" finished-at="2014-08-31T09:35:26Z">
      <class name="ru.telran.sel.LoginTests">
        <test-method status="PASS" signature="init()[pri:0, instance:ru.telran.sel.LoginTests@16dd645]" name="init" is-config="true" duration-ms="5739" started-at="2014-08-31T12:35:11Z" finished-at="2014-08-31T12:35:16Z">
          <reporter-output>
          </reporter-output>
        </test-method> <!-- init -->
        <test-method status="PASS" signature="loginNegTest(java.lang.String, java.lang.String)[pri:0, instance:ru.telran.sel.LoginTests@16dd645]" name="loginNegTest" duration-ms="4774" started-at="2014-08-31T12:35:16Z" data-provider="loadUserFromFile" finished-at="2014-08-31T12:35:21Z">
          <params>
            <param index="0">
              <value>
                <![CDATA[demo30]]>
              </value>
            </param>
            <param index="1">
              <value>
                <![CDATA[ ]]>
              </value>
            </param>
          </params>
          <reporter-output>
          </reporter-output>
        </test-method> <!-- loginNegTest -->
        <test-method status="PASS" signature="loginNegTest(java.lang.String, java.lang.String)[pri:0, instance:ru.telran.sel.LoginTests@16dd645]" name="loginNegTest" duration-ms="1758" started-at="2014-08-31T12:35:21Z" data-provider="loadUserFromFile" finished-at="2014-08-31T12:35:23Z">
          <params>
            <param index="0">
              <value>
                <![CDATA[demo30]]>
              </value>
            </param>
            <param index="1">
              <value>
                <![CDATA[demo30]]>
              </value>
            </param>
          </params>
          <reporter-output>
          </reporter-output>
        </test-method> <!-- loginNegTest -->
        <test-method status="PASS" signature="loginNegTest(java.lang.String, java.lang.String)[pri:0, instance:ru.telran.sel.LoginTests@16dd645]" name="loginNegTest" duration-ms="1861" started-at="2014-08-31T12:35:23Z" data-provider="loadUserFromFile" finished-at="2014-08-31T12:35:25Z">
          <params>
            <param index="0">
              <value>
                <![CDATA[username]]>
              </value>
            </param>
            <param index="1">
              <value>
                <![CDATA[password]]>
              </value>
            </param>
          </params>
          <reporter-output>
          </reporter-output>
        </test-method> <!-- loginNegTest -->
        <test-method status="PASS" signature="loginNegTest(java.lang.String, java.lang.String)[pri:0, instance:ru.telran.sel.LoginTests@16dd645]" name="loginNegTest" duration-ms="1731" started-at="2014-08-31T12:35:25Z" data-provider="loadUserFromFile" finished-at="2014-08-31T12:35:26Z">
          <params>
            <param index="0">
              <value>
                <![CDATA[ ]]>
              </value>
            </param>
            <param index="1">
              <value>
                <![CDATA[ ]]>
              </value>
            </param>
          </params>
          <reporter-output>
          </reporter-output>
        </test-method> <!-- loginNegTest -->
        <test-method status="PASS" signature="tearDown()[pri:0, instance:ru.telran.sel.LoginTests@16dd645]" name="tearDown" is-config="true" duration-ms="335" started-at="2014-08-31T12:35:26Z" finished-at="2014-08-31T12:35:27Z">
          <reporter-output>
          </reporter-output>
        </test-method> <!-- tearDown -->
      </class> <!-- ru.telran.sel.LoginTests -->
    </test> <!-- Default test -->
  </suite> <!-- Default suite -->
</testng-results>
